<?xml version="1.0" encoding="UTF-8"?>
<!-- Generated by org.testng.reporters.JUnitReportReporter -->
<testsuite hostname="Suyogs-MacBook-Pro.local" failures="0" tests="1" name="TestNG.NewTest" time="12.398" errors="0" timestamp="2024-05-25T15:40:56 IST" skipped="0">
  <testcase classname="TestNG.NewTest" name="Login" time="12.398"/>
  <system-out/>
</testsuite> <!-- TestNG.NewTest -->
