<?xml version="1.0" encoding="UTF-8"?>
<!-- Generated by org.testng.reporters.JUnitReportReporter -->
<testsuite hostname="Suyogs-MacBook-Pro.local" failures="0" tests="10" name="TestNG.InvocaTionCount" time="0.036" errors="0" timestamp="2024-05-26T23:03:19 IST" skipped="0">
  <testcase classname="TestNG.InvocaTionCount" name="test" time="0.005"/>
  <system-out/>
  <testcase classname="TestNG.InvocaTionCount" name="test" time="0.001"/>
  <system-out/>
  <testcase classname="TestNG.InvocaTionCount" name="test" time="0.013"/>
  <system-out/>
  <testcase classname="TestNG.InvocaTionCount" name="test" time="0.002"/>
  <system-out/>
  <testcase classname="TestNG.InvocaTionCount" name="test" time="0.006"/>
  <system-out/>
  <testcase classname="TestNG.InvocaTionCount" name="test" time="0.003"/>
  <system-out/>
  <testcase classname="TestNG.InvocaTionCount" name="test" time="0.002"/>
  <system-out/>
  <testcase classname="TestNG.InvocaTionCount" name="test" time="0.003"/>
  <system-out/>
  <testcase classname="TestNG.InvocaTionCount" name="test" time="0.001"/>
  <system-out/>
  <testcase classname="TestNG.InvocaTionCount" name="test" time="0.000"/>
  <system-out/>
</testsuite> <!-- TestNG.InvocaTionCount -->
