<?xml version="1.0" encoding="UTF-8"?>
<!-- Generated by org.testng.reporters.JUnitReportReporter -->
<testsuite hostname="Suyogs-MacBook-Pro.local" failures="0" tests="3" name="TestNG.Listener.NopCommerceExtendsReport" time="26.739" errors="0" timestamp="2024-05-28T00:23:02 IST" skipped="0">
  <testcase classname="TestNG.Listener.NopCommerceExtendsReport" name="testlogo" time="3.700"/>
  <system-out/>
  <testcase classname="TestNG.Listener.NopCommerceExtendsReport" name="testlogin" time="16.507"/>
  <system-out/>
  <testcase classname="TestNG.Listener.NopCommerceExtendsReport" name="logout" time="6.532"/>
  <system-out/>
</testsuite> <!-- TestNG.Listener.NopCommerceExtendsReport -->
