<?xml version="1.0" encoding="UTF-8"?>
<!-- Generated by org.testng.reporters.JUnitReportReporter -->
<testsuite hostname="Suyogs-MacBook-Pro.local" failures="0" tests="1" name="TestNG.AllAssertions" time="0.009" errors="0" timestamp="2024-05-26T01:48:38 IST" skipped="0">
  <testcase classname="TestNG.AllAssertions" name="test" time="0.009"/>
  <system-out/>
</testsuite> <!-- TestNG.AllAssertions -->
