<?xml version="1.0" encoding="UTF-8"?>
<!-- Generated by org.testng.reporters.JUnitReportReporter -->
<testsuite hostname="Suyogs-MacBook-Pro.local" failures="0" tests="2" name="TestNG.ParamTest" time="3.742" errors="0" timestamp="2024-06-05T19:50:40 IST" skipped="0">
  <testcase classname="TestNG.ParamTest" name="testhomepagelogo" time="0.045"/>
  <system-out/>
  <testcase classname="TestNG.ParamTest" name="testlogo" time="3.697"/>
  <system-out/>
</testsuite> <!-- TestNG.ParamTest -->
