<?xml version="1.0" encoding="UTF-8"?>
<!-- Generated by org.testng.reporters.JUnitReportReporter -->
<testsuite hostname="Suyogs-MacBook-Pro.local" failures="0" tests="3" name="TestNG.Grouping" time="0.016" errors="0" timestamp="2024-05-26T12:45:48 IST" skipped="0">
  <testcase classname="TestNG.Grouping" name="signupByFacebook" time="0.011"/>
  <system-out/>
  <testcase classname="TestNG.Grouping" name="signupByTwitter" time="0.003"/>
  <system-out/>
  <testcase classname="TestNG.Grouping" name="paymentReturnbyBank" time="0.002"/>
  <system-out/>
</testsuite> <!-- TestNG.Grouping -->
